\BOOKMARK [1][-]{section.1}{\376\377\116\316\131\332\163\355\122\060\000\040\000C\000M\000U\377\032\133\146\147\057\142\020\225\177\116\113\215\357}{}% 1
\BOOKMARK [2][-]{subsection.1.1}{\376\377\145\160\133\146\172\336\215\133\060\001\117\335\220\001\116\016\131\332\163\355}{section.1}% 2
\BOOKMARK [2][-]{subsection.1.2}{\376\377\220\011\142\351\000\040\000C\000M\000U\000\040\116\016\137\040\217\211\133\374\136\010}{section.1}% 3
\BOOKMARK [2][-]{subsection.1.3}{\376\377\000I\000o\000n\000\040\000S\000t\000o\000i\000c\000a\000\040\116\016\000"\145\076\137\003\166\204\202\172\147\057\000"}{section.1}% 4
\BOOKMARK [2][-]{subsection.1.4}{\376\377\147\054\172\340\134\017\176\323}{section.1}% 5
\BOOKMARK [1][-]{section.2}{\376\377\211\306\230\221\155\101\132\222\117\123\166\204\236\304\221\321\136\164\116\343}{}% 6
\BOOKMARK [2][-]{subsection.2.1}{\376\377\000H\000T\000T\000P\000\040\142\020\116\072\155\101\132\222\117\123\123\117\213\256\166\204\120\166\161\066\227\151\124\175}{section.2}% 7
\BOOKMARK [2][-]{subsection.2.2}{\376\377\116\316\221\316\206\356\165\037\225\177\122\060\174\373\176\337\123\026\170\024\172\166}{section.2}% 8
\BOOKMARK [2][-]{subsection.2.3}{\376\377\116\316\155\101\132\222\117\123\122\060\000\040\000K\000V\000\040\000C\000a\000c\000h\000e\377\032\116\011\176\364\145\160\143\156\166\204\146\227\176\277}{section.2}% 9
\BOOKMARK [2][-]{subsection.2.4}{\376\377\147\054\172\340\134\017\176\323}{section.2}% 10
\BOOKMARK [1][-]{section.3}{\376\377\133\130\120\250\116\367\150\074\166\204\146\264\155\250\116\016\000\040\000K\000V\000\040\000C\000a\000c\000h\000e\000\040\166\204\155\156\163\260}{}% 11
\BOOKMARK [2][-]{subsection.3.1}{\376\377\116\072\116\300\116\110\133\130\120\250\117\032\127\050\000\040\000A\000I\000\040\145\366\116\343\142\020\116\072\225\356\230\230}{section.3}% 12
\BOOKMARK [2][-]{subsection.3.2}{\376\377\000K\000V\000\040\000C\000a\000c\000h\000e\000\040\146\057\152\041\127\213\166\204\000"\213\260\137\306\000"}{section.3}% 13
\BOOKMARK [2][-]{subsection.3.3}{\376\377\147\054\172\340\134\017\176\323}{section.3}% 14
\BOOKMARK [1][-]{section.4}{\376\377\127\050\133\146\147\057\116\016\135\345\116\032\116\113\225\364\172\177\150\255}{}% 15
\BOOKMARK [2][-]{subsection.4.1}{\376\377\121\231\116\247\124\301\116\343\170\001\166\204\220\243\153\265\176\317\123\206}{section.4}% 16
\BOOKMARK [2][-]{subsection.4.2}{\376\377\000L\000M\000C\000a\000c\000h\000e\000\040\166\204\213\336\165\037}{section.4}% 17
\BOOKMARK [2][-]{subsection.4.3}{\376\377\147\054\172\340\134\017\176\323}{section.4}% 18
\BOOKMARK [1][-]{section.5}{\376\377\122\044\145\255\122\233\377\032\232\330\116\367\120\074\225\356\230\230\060\001\171\321\133\146\123\362\116\016\133\146\165\037}{}% 19
\BOOKMARK [2][-]{subsection.5.1}{\376\377\131\202\117\125\213\306\122\053\232\330\116\367\120\074\225\356\230\230}{section.5}% 20
\BOOKMARK [2][-]{subsection.5.2}{\376\377\131\032\213\373\171\321\133\146\123\362}{section.5}% 21
\BOOKMARK [2][-]{subsection.5.3}{\376\377\131\202\117\125\142\176\133\146\165\037}{section.5}% 22
\BOOKMARK [2][-]{subsection.5.4}{\376\377\147\054\172\340\134\017\176\323}{section.5}% 23
\BOOKMARK [1][-]{section.6}{\376\377\000A\000l\000l\000\040\000i\000n\000\040\000C\000h\000a\000t\000G\000P\000T\377\032\203\003\137\017\166\204\215\363\217\154}{}% 24
\BOOKMARK [2][-]{subsection.6.1}{\376\377\116\316\155\101\132\222\117\123\122\060\131\047\152\041\127\213\377\032\116\000\116\052\116\272\165\037\217\154\142\230}{section.6}% 25
\BOOKMARK [2][-]{subsection.6.2}{\376\377\116\072\116\300\116\110\220\011\142\351\120\132\127\372\170\100\213\276\145\275\200\014\227\136\152\041\127\213}{section.6}% 26
\BOOKMARK [2][-]{subsection.6.3}{\376\377\147\054\172\340\134\017\176\323}{section.6}% 27
\BOOKMARK [1][-]{section.7}{\376\377\155\361\121\145\164\006\211\343\000\040\000K\000V\000\040\000C\000a\000c\000h\000e}{}% 28
\BOOKMARK [2][-]{subsection.7.1}{\376\377\000K\000V\000\040\000C\000a\000c\000h\000e\000\040\146\057\116\300\116\110}{section.7}% 29
\BOOKMARK [2][-]{subsection.7.2}{\376\377\000P\000r\000e\000f\000i\000l\000l\000\040\000v\000s\000\040\000D\000e\000c\000o\000d\000e\377\032\173\227\122\233\122\006\221\115\166\204\000"\123\315\166\364\211\311\000"\167\037\166\370}{section.7}% 30
\BOOKMARK [2][-]{subsection.7.3}{\376\377\000L\000M\000C\000a\000c\000h\000e\000\040\166\204\213\276\213\241\124\362\133\146}{section.7}% 31
\BOOKMARK [2][-]{subsection.7.4}{\376\377\116\072\116\300\116\110\137\000\156\220\146\057\137\305\230\173\166\204}{section.7}% 32
\BOOKMARK [2][-]{subsection.7.5}{\376\377\172\340\147\053\134\017\176\323}{section.7}% 33
\BOOKMARK [1][-]{section.8}{\376\377\000A\000g\000e\000n\000t\000\040\116\016\152\041\127\213\123\237\165\037\213\260\137\306}{}% 34
\BOOKMARK [2][-]{subsection.8.1}{\376\377\000A\000g\000e\000n\000t\000\040\116\072\116\300\116\110\227\000\211\201\146\364\131\175\166\204\213\260\137\306\173\241\164\006}{section.8}% 35
\BOOKMARK [2][-]{subsection.8.2}{\376\377\152\041\127\213\123\237\165\037\213\260\137\306\000\040\000v\000s\000\040\145\207\147\054\213\260\137\306}{section.8}% 36
\BOOKMARK [2][-]{subsection.8.3}{\376\377\116\316\000"\213\260\116\013\147\145\000"\122\060\000"\164\006\211\343\213\260\137\306\000"}{section.8}% 37
\BOOKMARK [2][-]{subsection.8.4}{\376\377\172\340\147\053\134\017\176\323}{section.8}% 38
\BOOKMARK [1][-]{section.9}{\376\377\122\033\116\032\377\032\207\215\215\104\060\001\126\342\226\037\116\016\163\260\133\236\142\155\146\362\122\233\127\072}{}% 39
\BOOKMARK [2][-]{subsection.9.1}{\376\377\0002\0000\0000\0000\000\040\116\007\177\216\221\321\207\215\215\104\200\314\124\016\166\204\117\341\123\367}{section.9}% 40
\BOOKMARK [2][-]{subsection.9.2}{\376\377\154\241\147\011\172\336\116\211\133\371\142\113\145\366\166\204\133\144\162\354}{section.9}% 41
\BOOKMARK [2][-]{subsection.9.3}{\376\377\163\260\133\236\142\155\146\362\122\233\127\072\377\032\153\143\124\021\211\343\213\373}{section.9}% 42
\BOOKMARK [2][-]{subsection.9.4}{\376\377\136\010\165\037\121\163\174\373\116\016\122\033\116\032\126\342\226\037}{section.9}% 43
\BOOKMARK [2][-]{subsection.9.5}{\376\377\172\340\147\053\134\017\176\323}{section.9}% 44
\BOOKMARK [1][-]{section.10}{\376\377\147\052\147\145\127\372\170\100\213\276\145\275\116\016\200\114\116\032\136\372\213\256}{}% 45
\BOOKMARK [2][-]{subsection.10.1}{\376\377\000O\000p\000e\000n\000A\000I\000\040\000A\000P\000I\000\040\000=\000\040\145\260\145\366\116\343\166\204\000\040\000I\000P\000\040\134\102}{section.10}% 46
\BOOKMARK [2][-]{subsection.10.2}{\376\377\116\015\124\014\136\164\237\204\153\265\166\204\200\114\116\032\136\372\213\256}{section.10}% 47
\BOOKMARK [2][-]{subsection.10.3}{\376\377\172\340\147\053\134\017\176\323}{section.10}% 48
\BOOKMARK [1][-]{section.11}{\376\377\140\073\176\323\116\016\136\366\117\070}{}% 49
\BOOKMARK [2][-]{subsection.11.1}{\376\377\213\262\200\005\166\204\150\070\137\303\201\011\176\334}{section.11}% 50
\BOOKMARK [2][-]{subsection.11.2}{\376\377\176\323\147\204\123\026\166\204\150\070\137\303\155\036\133\337}{section.11}% 51
\BOOKMARK [2][-]{subsection.11.3}{\376\377\200\114\116\032\122\044\145\255\122\233\166\204\136\225\134\102\220\073\217\221}{section.11}% 52
\BOOKMARK [2][-]{subsection.11.4}{\376\377\142\323\134\125\226\005\213\373}{section.11}% 53
