\BOOKMARK [1][-]{section.1}{\376\377\173\227\154\325\116\016\000I\000n\000f\000r\000a\040\024\040\024\116\015\124\014\117\030\123\026\134\102\166\204\116\000\117\123\116\044\227\142}{}% 1
\BOOKMARK [2][-]{subsection.1.1}{\376\377\150\070\137\303\155\036\133\337\377\032\116\316\225\356\230\230\121\372\123\321\377\014\123\315\124\021\143\250\133\374}{section.1}% 2
\BOOKMARK [2][-]{subsection.1.2}{\376\377\000M\000L\000C\377\032\173\227\154\325\116\016\174\373\176\337\116\244\154\107\166\204\121\170\203\003}{section.1}% 3
\BOOKMARK [2][-]{subsection.1.3}{\376\377\167\013\167\013\230\166\134\026\116\272\162\151\166\204\217\150\217\371}{section.1}% 4
\BOOKMARK [2][-]{subsection.1.4}{\376\377\147\054\172\340\134\017\176\323}{section.1}% 5
\BOOKMARK [1][-]{section.2}{\376\377\200\114\116\032\220\011\142\351\377\032\116\247\124\301\217\330\146\057\000I\000n\000f\000r\000a\377\037}{}% 6
\BOOKMARK [2][-]{subsection.2.1}{\376\377\116\044\171\315\215\357\137\204\166\204\147\054\215\050\135\356\137\002}{section.2}% 7
\BOOKMARK [2][-]{subsection.2.2}{\376\377\142\333\200\130\136\002\127\072\166\204\153\213\221\167\163\260\133\236}{section.2}% 8
\BOOKMARK [2][-]{subsection.2.3}{\376\377\122\033\116\032\211\306\211\322\377\032\172\357\122\060\172\357\200\375\122\233\146\057\136\225\176\277}{section.2}% 9
\BOOKMARK [2][-]{subsection.2.4}{\376\377\147\054\172\340\134\017\176\323}{section.2}% 10
\BOOKMARK [1][-]{section.3}{\376\377\000P\000h\000D\000\040\145\271\124\021\220\011\142\351\377\032\117\341\126\152\153\324\116\016\145\366\147\072\122\044\145\255}{}% 11
\BOOKMARK [2][-]{subsection.3.1}{\376\377\147\000\123\161\226\151\166\204\173\126\165\145\377\032\217\375\137\123\122\115\147\000\160\153\166\204\145\271\124\021}{section.3}% 12
\BOOKMARK [2][-]{subsection.3.2}{\376\377\000`\000`\226\224\130\301\163\213\226\077\131\350\000'\000'\117\341\123\367\377\032\135\362\123\330\163\260\377\014\116\015\146\057\117\341\123\367}{section.3}% 13
\BOOKMARK [2][-]{subsection.3.3}{\376\377\000P\000h\000D\000\040\116\055\147\037\000\040\000P\000i\000v\000o\000t\000\040\146\057\123\357\210\114\166\204}{section.3}% 14
\BOOKMARK [2][-]{subsection.3.4}{\376\377\127\060\164\006\117\341\140\157\135\356\377\032\170\105\214\067\153\324\145\260\122\240\127\141\145\351\116\000\116\052\202\202\142\315}{section.3}% 15
\BOOKMARK [2][-]{subsection.3.5}{\376\377\116\015\215\205\217\307\0005\136\164\166\204\122\044\145\255}{section.3}% 16
\BOOKMARK [2][-]{subsection.3.6}{\376\377\147\054\172\340\134\017\176\323}{section.3}% 17
\BOOKMARK [1][-]{section.4}{\376\377\147\052\147\145\145\271\124\021\377\032\116\026\165\114\152\041\127\213\060\001\200\375\156\220\116\016\000\040\000A\000I\000\040\136\163\154\021\123\026}{}% 18
\BOOKMARK [2][-]{subsection.4.1}{\376\377\116\026\165\114\152\041\127\213\377\010\000W\000o\000r\000l\000d\000\040\000M\000o\000d\000e\000l\377\011\377\032\145\271\121\164\147\052\202\176}{section.4}% 19
\BOOKMARK [2][-]{subsection.4.2}{\376\377\200\375\156\220\377\032\227\136\213\241\173\227\147\072\166\204\147\000\117\163\215\114\154\350}{section.4}% 20
\BOOKMARK [2][-]{subsection.4.3}{\376\377\000A\000I\000\040\136\163\154\021\123\026\377\032\121\173\163\052\127\072\166\204\124\057\171\072}{section.4}% 21
\BOOKMARK [2][-]{subsection.4.4}{\376\377\117\040\176\337\210\114\116\032\166\204\135\350\131\047\117\341\140\157\135\356}{section.4}% 22
\BOOKMARK [2][-]{subsection.4.5}{\376\377\131\032\146\172\200\375\117\123\174\373\176\337\377\032\147\052\147\145\166\204\147\266\147\204\136\010\211\322\202\162}{section.4}% 23
\BOOKMARK [2][-]{subsection.4.6}{\376\377\147\054\172\340\134\017\176\323}{section.4}% 24
\BOOKMARK [1][-]{section.5}{\376\377\137\072\123\026\133\146\116\140\377\032\142\020\161\237\166\204\164\006\213\272\116\016\145\260\234\234\166\204\135\345\172\013\143\021\142\030}{}% 25
\BOOKMARK [2][-]{subsection.5.1}{\376\377\000R\000L\000\040\164\006\213\272\123\321\134\125\173\200\123\362}{section.5}% 26
\BOOKMARK [2][-]{subsection.5.2}{\376\377\000G\000R\000P\000O\000\040\166\204\135\345\172\013\143\021\142\030\377\032\000R\000e\000w\000a\000r\000d\000\040\000C\000a\000l\000i\000b\000r\000a\000t\000i\000o\000n}{section.5}% 27
\BOOKMARK [2][-]{subsection.5.3}{\376\377\000`\000`\000R\000L\000\040\000a\000s\000\040\000a\000\040\000S\000e\000r\000v\000i\000c\000e\000'\000'\141\017\124\163\167\100\116\300\116\110}{section.5}% 28
\BOOKMARK [2][-]{subsection.5.4}{\376\377\152\041\127\213\123\213\177\051\377\032\000R\000L\000\040\166\204\121\170\127\213\136\224\165\050}{section.5}% 29
\BOOKMARK [2][-]{subsection.5.5}{\376\377\147\054\172\340\134\017\176\323}{section.5}% 30
\BOOKMARK [1][-]{section.6}{\376\377\000I\000n\000f\000r\000a\000\040\155\361\131\004\377\032\145\160\143\156\116\055\137\303\116\016\000\040\000A\000I\000\040\202\257\162\107}{}% 31
\BOOKMARK [2][-]{subsection.6.1}{\376\377\116\015\146\057\173\200\123\125\166\204\217\320\176\364}{section.6}% 32
\BOOKMARK [2][-]{subsection.6.2}{\376\377\000P\000U\000E\377\032\145\160\143\156\116\055\137\303\166\204\150\070\137\303\145\110\163\207\143\007\150\007}{section.6}% 33
\BOOKMARK [2][-]{subsection.6.3}{\376\377\000A\000I\000\040\202\257\162\107\377\032\225\177\147\037\215\133\220\123\116\016\150\007\121\306\123\026\215\213\122\277}{section.6}% 34
\BOOKMARK [2][-]{subsection.6.4}{\376\377\147\054\172\340\134\017\176\323}{section.6}% 35
\BOOKMARK [1][-]{section.7}{\376\377\210\114\116\032\124\150\147\037\377\032\213\241\173\227\147\072\166\204\000`\000`\127\037\147\050\123\026\000'\000'}{}% 36
\BOOKMARK [2][-]{subsection.7.1}{\376\377\213\241\173\227\147\072\146\057\145\260\166\204\127\037\147\050\135\345\172\013\124\027\377\037}{section.7}% 37
\BOOKMARK [2][-]{subsection.7.2}{\376\377\136\163\154\021\123\026\122\033\220\040\145\260\166\204\134\061\116\032\137\142\140\001}{section.7}% 38
\BOOKMARK [2][-]{subsection.7.3}{\376\377\131\032\000\040\000A\000g\000e\000n\000t\000\040\174\373\176\337\377\032\147\266\147\204\136\010\166\204\213\336\165\037}{section.7}% 39
\BOOKMARK [2][-]{subsection.7.4}{\376\377\147\054\172\340\134\017\176\323}{section.7}% 40
\BOOKMARK [1][-]{section.8}{\376\377\140\073\176\323\116\016\136\366\117\070}{}% 41
\BOOKMARK [2][-]{subsection.8.1}{\376\377\126\011\133\276\166\204\176\323\134\076\213\250\213\272}{section.8}% 42
\BOOKMARK [2][-]{subsection.8.2}{\376\377\150\070\137\303\116\073\137\040\176\323\147\204\123\026\204\270\231\217}{section.8}% 43
\BOOKMARK [2][-]{subsection.8.3}{\376\377\137\000\145\076\225\356\230\230\116\016\116\013\116\000\153\145}{section.8}% 44
\BOOKMARK [2][-]{subsection.8.4}{\376\377\142\323\134\125\226\005\213\373}{section.8}% 45
