\BOOKMARK [1][-]{section.1}{\376\377\137\000\127\072\116\016\151\202\211\310}{}% 1
\BOOKMARK [2][-]{subsection.1.1}{\376\377\147\054\172\340\134\017\176\323}{section.1}% 2
\BOOKMARK [1][-]{section.2}{\376\377\000A\000I\000-\000I\000n\000f\000r\000a\000\040\134\227\117\115\126\376\214\061\377\032\116\003\116\052\211\322\202\162\122\006\174\173}{}% 3
\BOOKMARK [2][-]{subsection.2.1}{\376\377\147\054\172\340\134\017\176\323}{section.2}% 4
\BOOKMARK [1][-]{section.3}{\376\377\000A\000I\000-\000I\000n\000f\000r\000a\000\040\142\200\147\057\150\010\121\150\146\157}{}% 5
\BOOKMARK [2][-]{subsection.3.1}{\376\377\147\054\172\340\134\017\176\323}{section.3}% 6
\BOOKMARK [1][-]{section.4}{\376\377\173\227\133\120\117\030\123\026\116\224\153\145\154\325}{}% 7
\BOOKMARK [2][-]{subsection.4.1}{\376\377\173\054\116\000\153\145\377\032\000P\000r\000o\000f\000i\000l\000i\000n\000g\377\010\140\047\200\375\122\126\147\220\377\011}{section.4}% 8
\BOOKMARK [2][-]{subsection.4.2}{\376\377\173\054\116\214\153\145\377\032\164\006\213\272\122\006\147\220\377\010\000M\000e\000m\000o\000r\000y\000-\000B\000o\000u\000n\000d\000\040\000v\000s\000\040\000C\000o\000m\000p\000u\000t\000e\000-\000B\000o\000u\000n\000d\377\011}{section.4}% 9
\BOOKMARK [2][-]{subsection.4.3}{\376\377\173\054\116\011\153\145\377\032\122\250\142\113\177\026\170\001\377\010\000I\000m\000p\000l\000e\000m\000e\000n\000t\000a\000t\000i\000o\000n\377\011}{section.4}% 10
\BOOKMARK [2][-]{subsection.4.4}{\376\377\173\054\126\333\153\145\377\032\117\030\123\026\173\126\165\145\133\236\145\275}{section.4}% 11
\BOOKMARK [2][-]{subsection.4.5}{\376\377\173\054\116\224\153\145\377\032\232\214\213\301\116\016\217\355\116\343}{section.4}% 12
\BOOKMARK [2][-]{subsection.4.6}{\376\377\147\054\172\340\134\017\176\323}{section.4}% 13
\BOOKMARK [1][-]{section.5}{\376\377\133\146\124\130\150\110\117\213\213\312\145\255\377\032\116\316\220\350\177\162\122\060\173\227\133\120\040\024\040\024\176\265\155\361\172\201\170\064\166\204\215\357\137\204}{}% 14
\BOOKMARK [2][-]{subsection.5.1}{\376\377\133\146\124\130\116\000\377\032\116\316\000\040\000A\000I\000\040\202\257\162\107\000\040\000R\000u\000n\000t\000i\000m\000e\000\040\122\060\173\227\133\120\137\000\123\321}{section.5}% 15
\BOOKMARK [2][-]{subsection.5.2}{\376\377\133\146\124\130\116\214\377\032\116\316\150\106\147\266\214\003\165\050\122\060\136\225\134\102\133\232\122\066}{section.5}% 16
\BOOKMARK [2][-]{subsection.5.3}{\376\377\133\146\124\130\116\011\377\032\142\212\173\227\133\120\230\171\166\356\116\316\060\014\147\011\160\271\206\132\060\015\120\132\122\060\060\014\216\017\133\236\060\015}{section.5}% 17
\BOOKMARK [2][-]{subsection.5.4}{\376\377\147\054\172\340\134\017\176\323}{section.5}% 18
\BOOKMARK [1][-]{section.6}{\376\377\221\317\123\026\377\032\217\271\177\030\172\357\116\016\116\221\172\357\166\204\122\006\221\316}{}% 19
\BOOKMARK [2][-]{subsection.6.1}{\376\377\000Q\000A\000T\000\040\000v\000s\000\040\000P\000T\000Q}{section.6}% 20
\BOOKMARK [2][-]{subsection.6.2}{\376\377\217\271\177\030\172\357\220\350\177\162\166\204\162\171\153\212\140\047}{section.6}% 21
\BOOKMARK [2][-]{subsection.6.3}{\376\377\147\054\172\340\134\017\176\323}{section.6}% 22
\BOOKMARK [1][-]{section.7}{\376\377\000A\000I\000-\000I\000n\000f\000r\000a\000\040\200\114\116\032\211\304\122\022\121\150\146\157}{}% 23
\BOOKMARK [2][-]{subsection.7.1}{\376\377\150\041\142\333\145\366\225\364\176\277}{section.7}% 24
\BOOKMARK [2][-]{subsection.7.2}{\376\377\000A\000I\000\040\202\257\162\107\121\154\123\370\000\040\000v\000s\000\040\116\222\200\124\177\121\121\154\123\370}{section.7}% 25
\BOOKMARK [2][-]{subsection.7.3}{\376\377\121\163\116\216\123\116\116\072\124\214\133\211\226\062\121\154\123\370}{section.7}% 26
\BOOKMARK [2][-]{subsection.7.4}{\376\377\147\054\172\340\134\017\176\323}{section.7}% 27
\BOOKMARK [1][-]{section.8}{\376\377\140\073\176\323\116\016\136\366\117\070}{}% 28
\BOOKMARK [2][-]{subsection.8.1}{\376\377\213\262\200\005\176\323\134\076\140\073\176\323}{section.8}% 29
\BOOKMARK [2][-]{subsection.8.2}{\376\377\150\070\137\303\145\271\154\325\213\272\143\320\160\274}{section.8}% 30
\BOOKMARK [2][-]{subsection.8.3}{\376\377\137\000\145\076\225\356\230\230\116\016\217\333\116\000\153\145\145\271\124\021}{section.8}% 31
\BOOKMARK [2][-]{subsection.8.4}{\376\377\142\323\134\125\226\005\213\373}{section.8}% 32
